<?xml version="1.0" encoding="UTF-8"?>
<testng-results skipped="0" failed="0" ignored="0" total="1" passed="1">
  <reporter-output>
  </reporter-output>
  <suite name="Surefire suite" duration-ms="47" started-at="2020-10-20T12:03:43Z" finished-at="2020-10-20T12:03:43Z">
    <groups>
    </groups>
    <test name="Surefire test" duration-ms="47" started-at="2020-10-20T12:03:43Z" finished-at="2020-10-20T12:03:43Z">
      <class name="pack1.AppTest">
        <test-method status="PASS" signature="shouldAnswerWithTrue()" name="shouldAnswerWithTrue" duration-ms="5" started-at="2020-10-20T12:03:43Z" finished-at="2020-10-20T12:03:43Z">
          <reporter-output>
          </reporter-output>
        </test-method> <!-- shouldAnswerWithTrue -->
      </class> <!-- pack1.AppTest -->
    </test> <!-- Surefire test -->
  </suite> <!-- Surefire suite -->
</testng-results>
