<?xml version="1.0" encoding="UTF-8"?>
<!-- Generated by org.testng.reporters.JUnitXMLReporter -->
<testsuite hostname="DESKTOP-CS238HQ" ignored="0" name="Surefire test" tests="4" failures="0" timestamp="20 Oct 2020 12:03:43 GMT" time="28.711" errors="0">
  <testcase name="senario1" time="7.718" classname="pack1.Testcase1"/>
  <testcase name="senario2" time="7.173" classname="pack1.Testcase1"/>
  <testcase name="senario3" time="7.276" classname="pack1.Testcase1"/>
  <testcase name="m1" time="6.519" classname="pack1.Testcase3"/>
</testsuite> <!-- Surefire test -->
