<?xml version="1.0" encoding="UTF-8"?>
<!-- Generated by org.testng.reporters.JUnitXMLReporter -->
<testsuite hostname="DESKTOP-CS238HQ" ignored="0" name="Regression1" tests="5" failures="0" timestamp="20 Oct 2020 13:28:52 GMT" time="33.773" errors="0">
  <testcase name="senario1" time="7.174" classname="pack1.Testcase1"/>
  <testcase name="senario2" time="6.56" classname="pack1.Testcase1"/>
  <testcase name="senario3" time="7.144" classname="pack1.Testcase1"/>
  <testcase name="m1" time="7.17" classname="pack1.Testcase2"/>
  <testcase name="m1" time="5.7" classname="pack1.Testcase3"/>
</testsuite> <!-- Regression1 -->
