<?xml version="1.0" encoding="UTF-8"?>
<testng-results skipped="0" failed="0" ignored="0" total="1" passed="1">
  <reporter-output>
  </reporter-output>
  <suite name="Default suite" duration-ms="6901" started-at="2020-12-22T10:49:35Z" finished-at="2020-12-22T10:49:42Z">
    <groups>
    </groups>
    <test name="Default test" duration-ms="6901" started-at="2020-12-22T10:49:35Z" finished-at="2020-12-22T10:49:42Z">
      <class name="pack1.Testcase3">
        <test-method status="PASS" signature="m1()[pri:0, instance:pack1.Testcase3@18ce0030]" name="m1" duration-ms="6882" started-at="2020-12-22T10:49:35Z" finished-at="2020-12-22T10:49:42Z">
          <reporter-output>
          </reporter-output>
        </test-method> <!-- m1 -->
      </class> <!-- pack1.Testcase3 -->
    </test> <!-- Default test -->
  </suite> <!-- Default suite -->
</testng-results>
